[2024-04-17 03:23:28,134] {processor.py:163} INFO - Started process (PID=178) to work on /opt/airflow/dags/data_ingestion_gcs_dag.py
[2024-04-17 03:23:28,136] {processor.py:642} INFO - Processing file /opt/airflow/dags/data_ingestion_gcs_dag.py for tasks to queue
[2024-04-17 03:23:28,138] {logging_mixin.py:109} INFO - [2024-04-17 03:23:28,138] {dagbag.py:500} INFO - Filling up the DagBag from /opt/airflow/dags/data_ingestion_gcs_dag.py
[2024-04-17 03:23:31,226] {processor.py:654} INFO - DAG(s) dict_keys(['data_ingestion_gcs_dag']) retrieved from /opt/airflow/dags/data_ingestion_gcs_dag.py
[2024-04-17 03:23:35,199] {logging_mixin.py:109} INFO - [2024-04-17 03:23:35,199] {manager.py:496} INFO - Created Permission View: can edit on DAG:data_ingestion_gcs_dag
[2024-04-17 03:23:35,212] {logging_mixin.py:109} INFO - [2024-04-17 03:23:35,212] {manager.py:496} INFO - Created Permission View: can read on DAG:data_ingestion_gcs_dag
[2024-04-17 03:23:35,214] {logging_mixin.py:109} INFO - [2024-04-17 03:23:35,212] {dag.py:2396} INFO - Sync 1 DAGs
[2024-04-17 03:23:35,228] {logging_mixin.py:109} INFO - [2024-04-17 03:23:35,226] {dag.py:2415} INFO - Creating ORM DAG for data_ingestion_gcs_dag
[2024-04-17 03:23:35,240] {logging_mixin.py:109} INFO - [2024-04-17 03:23:35,239] {dag.py:2935} INFO - Setting next_dagrun for data_ingestion_gcs_dag to 2024-04-17T02:00:00+00:00
[2024-04-17 03:23:35,256] {processor.py:171} INFO - Processing /opt/airflow/dags/data_ingestion_gcs_dag.py took 7.133 seconds
[2024-04-17 03:24:05,362] {processor.py:163} INFO - Started process (PID=223) to work on /opt/airflow/dags/data_ingestion_gcs_dag.py
[2024-04-17 03:24:05,364] {processor.py:642} INFO - Processing file /opt/airflow/dags/data_ingestion_gcs_dag.py for tasks to queue
[2024-04-17 03:24:05,365] {logging_mixin.py:109} INFO - [2024-04-17 03:24:05,365] {dagbag.py:500} INFO - Filling up the DagBag from /opt/airflow/dags/data_ingestion_gcs_dag.py
[2024-04-17 03:24:06,645] {processor.py:654} INFO - DAG(s) dict_keys(['data_ingestion_gcs_dag']) retrieved from /opt/airflow/dags/data_ingestion_gcs_dag.py
[2024-04-17 03:24:06,660] {logging_mixin.py:109} INFO - [2024-04-17 03:24:06,658] {dag.py:2396} INFO - Sync 1 DAGs
[2024-04-17 03:24:06,687] {logging_mixin.py:109} INFO - [2024-04-17 03:24:06,687] {dag.py:2935} INFO - Setting next_dagrun for data_ingestion_gcs_dag to 2024-04-17T02:00:00+00:00
[2024-04-17 03:24:06,701] {processor.py:171} INFO - Processing /opt/airflow/dags/data_ingestion_gcs_dag.py took 1.345 seconds
[2024-04-17 03:24:37,530] {processor.py:163} INFO - Started process (PID=258) to work on /opt/airflow/dags/data_ingestion_gcs_dag.py
[2024-04-17 03:24:37,532] {processor.py:642} INFO - Processing file /opt/airflow/dags/data_ingestion_gcs_dag.py for tasks to queue
[2024-04-17 03:24:37,533] {logging_mixin.py:109} INFO - [2024-04-17 03:24:37,533] {dagbag.py:500} INFO - Filling up the DagBag from /opt/airflow/dags/data_ingestion_gcs_dag.py
[2024-04-17 03:24:38,551] {processor.py:654} INFO - DAG(s) dict_keys(['data_ingestion_gcs_dag']) retrieved from /opt/airflow/dags/data_ingestion_gcs_dag.py
[2024-04-17 03:24:38,566] {logging_mixin.py:109} INFO - [2024-04-17 03:24:38,564] {dag.py:2396} INFO - Sync 1 DAGs
[2024-04-17 03:24:38,587] {logging_mixin.py:109} INFO - [2024-04-17 03:24:38,587] {dag.py:2935} INFO - Setting next_dagrun for data_ingestion_gcs_dag to 2024-04-17T02:00:00+00:00
[2024-04-17 03:24:38,598] {processor.py:171} INFO - Processing /opt/airflow/dags/data_ingestion_gcs_dag.py took 1.074 seconds
[2024-04-17 03:25:08,707] {processor.py:163} INFO - Started process (PID=292) to work on /opt/airflow/dags/data_ingestion_gcs_dag.py
[2024-04-17 03:25:08,710] {processor.py:642} INFO - Processing file /opt/airflow/dags/data_ingestion_gcs_dag.py for tasks to queue
[2024-04-17 03:25:08,711] {logging_mixin.py:109} INFO - [2024-04-17 03:25:08,710] {dagbag.py:500} INFO - Filling up the DagBag from /opt/airflow/dags/data_ingestion_gcs_dag.py
[2024-04-17 03:25:09,861] {processor.py:654} INFO - DAG(s) dict_keys(['data_ingestion_gcs_dag']) retrieved from /opt/airflow/dags/data_ingestion_gcs_dag.py
[2024-04-17 03:25:09,878] {logging_mixin.py:109} INFO - [2024-04-17 03:25:09,877] {dag.py:2396} INFO - Sync 1 DAGs
[2024-04-17 03:25:09,901] {logging_mixin.py:109} INFO - [2024-04-17 03:25:09,901] {dag.py:2935} INFO - Setting next_dagrun for data_ingestion_gcs_dag to 2024-04-17T02:00:00+00:00
[2024-04-17 03:25:09,912] {processor.py:171} INFO - Processing /opt/airflow/dags/data_ingestion_gcs_dag.py took 1.211 seconds
[2024-04-17 03:25:40,859] {processor.py:163} INFO - Started process (PID=336) to work on /opt/airflow/dags/data_ingestion_gcs_dag.py
[2024-04-17 03:25:40,861] {processor.py:642} INFO - Processing file /opt/airflow/dags/data_ingestion_gcs_dag.py for tasks to queue
[2024-04-17 03:25:40,862] {logging_mixin.py:109} INFO - [2024-04-17 03:25:40,862] {dagbag.py:500} INFO - Filling up the DagBag from /opt/airflow/dags/data_ingestion_gcs_dag.py
[2024-04-17 03:25:41,884] {processor.py:654} INFO - DAG(s) dict_keys(['data_ingestion_gcs_dag']) retrieved from /opt/airflow/dags/data_ingestion_gcs_dag.py
[2024-04-17 03:25:41,898] {logging_mixin.py:109} INFO - [2024-04-17 03:25:41,897] {dag.py:2396} INFO - Sync 1 DAGs
[2024-04-17 03:25:41,921] {logging_mixin.py:109} INFO - [2024-04-17 03:25:41,921] {dag.py:2935} INFO - Setting next_dagrun for data_ingestion_gcs_dag to 2024-04-17T02:00:00+00:00
[2024-04-17 03:25:41,932] {processor.py:171} INFO - Processing /opt/airflow/dags/data_ingestion_gcs_dag.py took 1.080 seconds
[2024-04-17 03:26:12,032] {processor.py:163} INFO - Started process (PID=370) to work on /opt/airflow/dags/data_ingestion_gcs_dag.py
[2024-04-17 03:26:12,036] {processor.py:642} INFO - Processing file /opt/airflow/dags/data_ingestion_gcs_dag.py for tasks to queue
[2024-04-17 03:26:12,037] {logging_mixin.py:109} INFO - [2024-04-17 03:26:12,037] {dagbag.py:500} INFO - Filling up the DagBag from /opt/airflow/dags/data_ingestion_gcs_dag.py
[2024-04-17 03:26:13,070] {processor.py:654} INFO - DAG(s) dict_keys(['data_ingestion_gcs_dag']) retrieved from /opt/airflow/dags/data_ingestion_gcs_dag.py
[2024-04-17 03:26:13,084] {logging_mixin.py:109} INFO - [2024-04-17 03:26:13,083] {dag.py:2396} INFO - Sync 1 DAGs
[2024-04-17 03:26:13,106] {logging_mixin.py:109} INFO - [2024-04-17 03:26:13,105] {dag.py:2935} INFO - Setting next_dagrun for data_ingestion_gcs_dag to 2024-04-17T02:00:00+00:00
[2024-04-17 03:26:13,116] {processor.py:171} INFO - Processing /opt/airflow/dags/data_ingestion_gcs_dag.py took 1.088 seconds
[2024-04-17 03:26:19,091] {processor.py:163} INFO - Started process (PID=389) to work on /opt/airflow/dags/data_ingestion_gcs_dag.py
[2024-04-17 03:26:19,093] {processor.py:642} INFO - Processing file /opt/airflow/dags/data_ingestion_gcs_dag.py for tasks to queue
[2024-04-17 03:26:19,094] {logging_mixin.py:109} INFO - [2024-04-17 03:26:19,093] {dagbag.py:500} INFO - Filling up the DagBag from /opt/airflow/dags/data_ingestion_gcs_dag.py
[2024-04-17 03:26:20,265] {processor.py:654} INFO - DAG(s) dict_keys(['data_ingestion_gcs_dag']) retrieved from /opt/airflow/dags/data_ingestion_gcs_dag.py
[2024-04-17 03:26:20,513] {logging_mixin.py:109} INFO - [2024-04-17 03:26:20,512] {dag.py:2396} INFO - Sync 1 DAGs
[2024-04-17 03:26:20,535] {logging_mixin.py:109} INFO - [2024-04-17 03:26:20,535] {dag.py:2935} INFO - Setting next_dagrun for data_ingestion_gcs_dag to 2024-04-17T02:00:00+00:00
[2024-04-17 03:26:20,550] {processor.py:171} INFO - Processing /opt/airflow/dags/data_ingestion_gcs_dag.py took 1.465 seconds
[2024-04-17 03:26:51,283] {processor.py:163} INFO - Started process (PID=424) to work on /opt/airflow/dags/data_ingestion_gcs_dag.py
[2024-04-17 03:26:51,286] {processor.py:642} INFO - Processing file /opt/airflow/dags/data_ingestion_gcs_dag.py for tasks to queue
[2024-04-17 03:26:51,287] {logging_mixin.py:109} INFO - [2024-04-17 03:26:51,287] {dagbag.py:500} INFO - Filling up the DagBag from /opt/airflow/dags/data_ingestion_gcs_dag.py
[2024-04-17 03:26:52,318] {processor.py:654} INFO - DAG(s) dict_keys(['data_ingestion_gcs_dag']) retrieved from /opt/airflow/dags/data_ingestion_gcs_dag.py
[2024-04-17 03:26:52,331] {logging_mixin.py:109} INFO - [2024-04-17 03:26:52,329] {dag.py:2396} INFO - Sync 1 DAGs
[2024-04-17 03:26:52,353] {logging_mixin.py:109} INFO - [2024-04-17 03:26:52,352] {dag.py:2935} INFO - Setting next_dagrun for data_ingestion_gcs_dag to 2024-04-17T02:00:00+00:00
[2024-04-17 03:26:52,365] {processor.py:171} INFO - Processing /opt/airflow/dags/data_ingestion_gcs_dag.py took 1.087 seconds
[2024-04-17 03:27:22,430] {processor.py:163} INFO - Started process (PID=467) to work on /opt/airflow/dags/data_ingestion_gcs_dag.py
[2024-04-17 03:27:22,431] {processor.py:642} INFO - Processing file /opt/airflow/dags/data_ingestion_gcs_dag.py for tasks to queue
[2024-04-17 03:27:22,432] {logging_mixin.py:109} INFO - [2024-04-17 03:27:22,432] {dagbag.py:500} INFO - Filling up the DagBag from /opt/airflow/dags/data_ingestion_gcs_dag.py
[2024-04-17 03:27:23,505] {processor.py:654} INFO - DAG(s) dict_keys(['data_ingestion_gcs_dag']) retrieved from /opt/airflow/dags/data_ingestion_gcs_dag.py
[2024-04-17 03:27:23,519] {logging_mixin.py:109} INFO - [2024-04-17 03:27:23,517] {dag.py:2396} INFO - Sync 1 DAGs
[2024-04-17 03:27:23,541] {logging_mixin.py:109} INFO - [2024-04-17 03:27:23,541] {dag.py:2935} INFO - Setting next_dagrun for data_ingestion_gcs_dag to 2024-04-17T02:00:00+00:00
[2024-04-17 03:27:23,552] {processor.py:171} INFO - Processing /opt/airflow/dags/data_ingestion_gcs_dag.py took 1.126 seconds
[2024-04-17 03:27:53,646] {processor.py:163} INFO - Started process (PID=519) to work on /opt/airflow/dags/data_ingestion_gcs_dag.py
[2024-04-17 03:27:53,649] {processor.py:642} INFO - Processing file /opt/airflow/dags/data_ingestion_gcs_dag.py for tasks to queue
[2024-04-17 03:27:53,650] {logging_mixin.py:109} INFO - [2024-04-17 03:27:53,650] {dagbag.py:500} INFO - Filling up the DagBag from /opt/airflow/dags/data_ingestion_gcs_dag.py
[2024-04-17 03:27:54,760] {processor.py:654} INFO - DAG(s) dict_keys(['data_ingestion_gcs_dag']) retrieved from /opt/airflow/dags/data_ingestion_gcs_dag.py
[2024-04-17 03:27:54,773] {logging_mixin.py:109} INFO - [2024-04-17 03:27:54,772] {dag.py:2396} INFO - Sync 1 DAGs
[2024-04-17 03:27:54,793] {logging_mixin.py:109} INFO - [2024-04-17 03:27:54,793] {dag.py:2935} INFO - Setting next_dagrun for data_ingestion_gcs_dag to 2024-04-17T02:00:00+00:00
[2024-04-17 03:27:54,804] {processor.py:171} INFO - Processing /opt/airflow/dags/data_ingestion_gcs_dag.py took 1.164 seconds
[2024-04-17 03:28:24,858] {processor.py:163} INFO - Started process (PID=566) to work on /opt/airflow/dags/data_ingestion_gcs_dag.py
[2024-04-17 03:28:24,860] {processor.py:642} INFO - Processing file /opt/airflow/dags/data_ingestion_gcs_dag.py for tasks to queue
[2024-04-17 03:28:24,862] {logging_mixin.py:109} INFO - [2024-04-17 03:28:24,862] {dagbag.py:500} INFO - Filling up the DagBag from /opt/airflow/dags/data_ingestion_gcs_dag.py
[2024-04-17 03:28:26,004] {processor.py:654} INFO - DAG(s) dict_keys(['data_ingestion_gcs_dag']) retrieved from /opt/airflow/dags/data_ingestion_gcs_dag.py
[2024-04-17 03:28:26,026] {logging_mixin.py:109} INFO - [2024-04-17 03:28:26,024] {dag.py:2396} INFO - Sync 1 DAGs
[2024-04-17 03:28:26,060] {logging_mixin.py:109} INFO - [2024-04-17 03:28:26,059] {dag.py:2935} INFO - Setting next_dagrun for data_ingestion_gcs_dag to 2024-04-17T02:00:00+00:00
[2024-04-17 03:28:26,077] {processor.py:171} INFO - Processing /opt/airflow/dags/data_ingestion_gcs_dag.py took 1.225 seconds
[2024-04-17 03:28:56,124] {processor.py:163} INFO - Started process (PID=605) to work on /opt/airflow/dags/data_ingestion_gcs_dag.py
[2024-04-17 03:28:56,126] {processor.py:642} INFO - Processing file /opt/airflow/dags/data_ingestion_gcs_dag.py for tasks to queue
[2024-04-17 03:28:56,126] {logging_mixin.py:109} INFO - [2024-04-17 03:28:56,126] {dagbag.py:500} INFO - Filling up the DagBag from /opt/airflow/dags/data_ingestion_gcs_dag.py
[2024-04-17 03:28:57,143] {processor.py:654} INFO - DAG(s) dict_keys(['data_ingestion_gcs_dag']) retrieved from /opt/airflow/dags/data_ingestion_gcs_dag.py
[2024-04-17 03:28:57,157] {logging_mixin.py:109} INFO - [2024-04-17 03:28:57,156] {dag.py:2396} INFO - Sync 1 DAGs
[2024-04-17 03:28:57,177] {logging_mixin.py:109} INFO - [2024-04-17 03:28:57,177] {dag.py:2935} INFO - Setting next_dagrun for data_ingestion_gcs_dag to 2024-04-17T02:00:00+00:00
[2024-04-17 03:28:57,188] {processor.py:171} INFO - Processing /opt/airflow/dags/data_ingestion_gcs_dag.py took 1.069 seconds
[2024-04-17 03:29:14,281] {processor.py:163} INFO - Started process (PID=643) to work on /opt/airflow/dags/data_ingestion_gcs_dag.py
[2024-04-17 03:29:14,284] {processor.py:642} INFO - Processing file /opt/airflow/dags/data_ingestion_gcs_dag.py for tasks to queue
[2024-04-17 03:29:14,285] {logging_mixin.py:109} INFO - [2024-04-17 03:29:14,285] {dagbag.py:500} INFO - Filling up the DagBag from /opt/airflow/dags/data_ingestion_gcs_dag.py
[2024-04-17 03:29:15,436] {processor.py:654} INFO - DAG(s) dict_keys(['data_ingestion_gcs_dag']) retrieved from /opt/airflow/dags/data_ingestion_gcs_dag.py
[2024-04-17 03:29:15,441] {logging_mixin.py:109} INFO - [2024-04-17 03:29:15,440] {dag.py:2396} INFO - Sync 1 DAGs
[2024-04-17 03:29:15,462] {logging_mixin.py:109} INFO - [2024-04-17 03:29:15,462] {dag.py:2935} INFO - Setting next_dagrun for data_ingestion_gcs_dag to 2024-04-17T02:00:00+00:00
[2024-04-17 03:29:15,475] {processor.py:171} INFO - Processing /opt/airflow/dags/data_ingestion_gcs_dag.py took 1.200 seconds
[2024-04-17 03:29:45,576] {processor.py:163} INFO - Started process (PID=691) to work on /opt/airflow/dags/data_ingestion_gcs_dag.py
[2024-04-17 03:29:45,578] {processor.py:642} INFO - Processing file /opt/airflow/dags/data_ingestion_gcs_dag.py for tasks to queue
[2024-04-17 03:29:45,579] {logging_mixin.py:109} INFO - [2024-04-17 03:29:45,579] {dagbag.py:500} INFO - Filling up the DagBag from /opt/airflow/dags/data_ingestion_gcs_dag.py
[2024-04-17 03:29:46,616] {processor.py:654} INFO - DAG(s) dict_keys(['data_ingestion_gcs_dag']) retrieved from /opt/airflow/dags/data_ingestion_gcs_dag.py
[2024-04-17 03:29:46,860] {logging_mixin.py:109} INFO - [2024-04-17 03:29:46,859] {dag.py:2396} INFO - Sync 1 DAGs
[2024-04-17 03:29:46,880] {logging_mixin.py:109} INFO - [2024-04-17 03:29:46,880] {dag.py:2935} INFO - Setting next_dagrun for data_ingestion_gcs_dag to 2024-04-17T02:00:00+00:00
[2024-04-17 03:29:46,894] {processor.py:171} INFO - Processing /opt/airflow/dags/data_ingestion_gcs_dag.py took 1.323 seconds
[2024-04-17 03:30:16,991] {processor.py:163} INFO - Started process (PID=730) to work on /opt/airflow/dags/data_ingestion_gcs_dag.py
[2024-04-17 03:30:16,993] {processor.py:642} INFO - Processing file /opt/airflow/dags/data_ingestion_gcs_dag.py for tasks to queue
[2024-04-17 03:30:16,994] {logging_mixin.py:109} INFO - [2024-04-17 03:30:16,994] {dagbag.py:500} INFO - Filling up the DagBag from /opt/airflow/dags/data_ingestion_gcs_dag.py
[2024-04-17 03:30:18,040] {processor.py:654} INFO - DAG(s) dict_keys(['data_ingestion_gcs_dag']) retrieved from /opt/airflow/dags/data_ingestion_gcs_dag.py
[2024-04-17 03:30:18,054] {logging_mixin.py:109} INFO - [2024-04-17 03:30:18,053] {dag.py:2396} INFO - Sync 1 DAGs
[2024-04-17 03:30:18,076] {logging_mixin.py:109} INFO - [2024-04-17 03:30:18,075] {dag.py:2935} INFO - Setting next_dagrun for data_ingestion_gcs_dag to 2024-04-17T02:00:00+00:00
[2024-04-17 03:30:18,088] {processor.py:171} INFO - Processing /opt/airflow/dags/data_ingestion_gcs_dag.py took 1.101 seconds
[2024-04-17 03:30:48,179] {processor.py:163} INFO - Started process (PID=776) to work on /opt/airflow/dags/data_ingestion_gcs_dag.py
[2024-04-17 03:30:48,181] {processor.py:642} INFO - Processing file /opt/airflow/dags/data_ingestion_gcs_dag.py for tasks to queue
[2024-04-17 03:30:48,182] {logging_mixin.py:109} INFO - [2024-04-17 03:30:48,181] {dagbag.py:500} INFO - Filling up the DagBag from /opt/airflow/dags/data_ingestion_gcs_dag.py
[2024-04-17 03:30:49,215] {processor.py:654} INFO - DAG(s) dict_keys(['data_ingestion_gcs_dag']) retrieved from /opt/airflow/dags/data_ingestion_gcs_dag.py
[2024-04-17 03:30:49,220] {logging_mixin.py:109} INFO - [2024-04-17 03:30:49,219] {dag.py:2396} INFO - Sync 1 DAGs
[2024-04-17 03:30:49,241] {logging_mixin.py:109} INFO - [2024-04-17 03:30:49,241] {dag.py:2935} INFO - Setting next_dagrun for data_ingestion_gcs_dag to 2024-04-17T02:00:00+00:00
[2024-04-17 03:30:49,252] {processor.py:171} INFO - Processing /opt/airflow/dags/data_ingestion_gcs_dag.py took 1.079 seconds
[2024-04-17 03:31:19,357] {processor.py:163} INFO - Started process (PID=816) to work on /opt/airflow/dags/data_ingestion_gcs_dag.py
[2024-04-17 03:31:19,358] {processor.py:642} INFO - Processing file /opt/airflow/dags/data_ingestion_gcs_dag.py for tasks to queue
[2024-04-17 03:31:19,359] {logging_mixin.py:109} INFO - [2024-04-17 03:31:19,359] {dagbag.py:500} INFO - Filling up the DagBag from /opt/airflow/dags/data_ingestion_gcs_dag.py
[2024-04-17 03:31:20,471] {processor.py:654} INFO - DAG(s) dict_keys(['data_ingestion_gcs_dag']) retrieved from /opt/airflow/dags/data_ingestion_gcs_dag.py
[2024-04-17 03:31:20,712] {logging_mixin.py:109} INFO - [2024-04-17 03:31:20,710] {dag.py:2396} INFO - Sync 1 DAGs
[2024-04-17 03:31:20,732] {logging_mixin.py:109} INFO - [2024-04-17 03:31:20,732] {dag.py:2935} INFO - Setting next_dagrun for data_ingestion_gcs_dag to 2024-04-17T02:00:00+00:00
[2024-04-17 03:31:20,748] {processor.py:171} INFO - Processing /opt/airflow/dags/data_ingestion_gcs_dag.py took 1.397 seconds
[2024-04-17 03:31:51,501] {processor.py:163} INFO - Started process (PID=854) to work on /opt/airflow/dags/data_ingestion_gcs_dag.py
[2024-04-17 03:31:51,504] {processor.py:642} INFO - Processing file /opt/airflow/dags/data_ingestion_gcs_dag.py for tasks to queue
[2024-04-17 03:31:51,505] {logging_mixin.py:109} INFO - [2024-04-17 03:31:51,505] {dagbag.py:500} INFO - Filling up the DagBag from /opt/airflow/dags/data_ingestion_gcs_dag.py
[2024-04-17 03:31:52,530] {processor.py:654} INFO - DAG(s) dict_keys(['data_ingestion_gcs_dag']) retrieved from /opt/airflow/dags/data_ingestion_gcs_dag.py
[2024-04-17 03:31:52,545] {logging_mixin.py:109} INFO - [2024-04-17 03:31:52,544] {dag.py:2396} INFO - Sync 1 DAGs
[2024-04-17 03:31:52,567] {logging_mixin.py:109} INFO - [2024-04-17 03:31:52,567] {dag.py:2935} INFO - Setting next_dagrun for data_ingestion_gcs_dag to 2024-04-17T02:00:00+00:00
[2024-04-17 03:31:52,580] {processor.py:171} INFO - Processing /opt/airflow/dags/data_ingestion_gcs_dag.py took 1.084 seconds
[2024-04-17 03:32:22,691] {processor.py:163} INFO - Started process (PID=902) to work on /opt/airflow/dags/data_ingestion_gcs_dag.py
[2024-04-17 03:32:22,693] {processor.py:642} INFO - Processing file /opt/airflow/dags/data_ingestion_gcs_dag.py for tasks to queue
[2024-04-17 03:32:22,694] {logging_mixin.py:109} INFO - [2024-04-17 03:32:22,694] {dagbag.py:500} INFO - Filling up the DagBag from /opt/airflow/dags/data_ingestion_gcs_dag.py
[2024-04-17 03:32:23,864] {processor.py:654} INFO - DAG(s) dict_keys(['data_ingestion_gcs_dag']) retrieved from /opt/airflow/dags/data_ingestion_gcs_dag.py
[2024-04-17 03:32:23,869] {logging_mixin.py:109} INFO - [2024-04-17 03:32:23,868] {dag.py:2396} INFO - Sync 1 DAGs
[2024-04-17 03:32:23,890] {logging_mixin.py:109} INFO - [2024-04-17 03:32:23,889] {dag.py:2935} INFO - Setting next_dagrun for data_ingestion_gcs_dag to 2024-04-17T02:00:00+00:00
[2024-04-17 03:32:23,901] {processor.py:171} INFO - Processing /opt/airflow/dags/data_ingestion_gcs_dag.py took 1.218 seconds
[2024-04-17 03:32:54,013] {processor.py:163} INFO - Started process (PID=939) to work on /opt/airflow/dags/data_ingestion_gcs_dag.py
[2024-04-17 03:32:54,015] {processor.py:642} INFO - Processing file /opt/airflow/dags/data_ingestion_gcs_dag.py for tasks to queue
[2024-04-17 03:32:54,016] {logging_mixin.py:109} INFO - [2024-04-17 03:32:54,015] {dagbag.py:500} INFO - Filling up the DagBag from /opt/airflow/dags/data_ingestion_gcs_dag.py
[2024-04-17 03:32:55,070] {processor.py:654} INFO - DAG(s) dict_keys(['data_ingestion_gcs_dag']) retrieved from /opt/airflow/dags/data_ingestion_gcs_dag.py
[2024-04-17 03:32:55,318] {logging_mixin.py:109} INFO - [2024-04-17 03:32:55,317] {dag.py:2396} INFO - Sync 1 DAGs
[2024-04-17 03:32:55,338] {logging_mixin.py:109} INFO - [2024-04-17 03:32:55,338] {dag.py:2935} INFO - Setting next_dagrun for data_ingestion_gcs_dag to 2024-04-17T02:00:00+00:00
[2024-04-17 03:32:55,352] {processor.py:171} INFO - Processing /opt/airflow/dags/data_ingestion_gcs_dag.py took 1.344 seconds
[2024-04-17 03:33:26,140] {processor.py:163} INFO - Started process (PID=987) to work on /opt/airflow/dags/data_ingestion_gcs_dag.py
[2024-04-17 03:33:26,144] {processor.py:642} INFO - Processing file /opt/airflow/dags/data_ingestion_gcs_dag.py for tasks to queue
[2024-04-17 03:33:26,144] {logging_mixin.py:109} INFO - [2024-04-17 03:33:26,144] {dagbag.py:500} INFO - Filling up the DagBag from /opt/airflow/dags/data_ingestion_gcs_dag.py
[2024-04-17 03:33:27,266] {processor.py:654} INFO - DAG(s) dict_keys(['data_ingestion_gcs_dag']) retrieved from /opt/airflow/dags/data_ingestion_gcs_dag.py
[2024-04-17 03:33:27,280] {logging_mixin.py:109} INFO - [2024-04-17 03:33:27,279] {dag.py:2396} INFO - Sync 1 DAGs
[2024-04-17 03:33:27,303] {logging_mixin.py:109} INFO - [2024-04-17 03:33:27,303] {dag.py:2935} INFO - Setting next_dagrun for data_ingestion_gcs_dag to 2024-04-17T02:00:00+00:00
[2024-04-17 03:33:27,315] {processor.py:171} INFO - Processing /opt/airflow/dags/data_ingestion_gcs_dag.py took 1.180 seconds
[2024-04-17 03:33:57,437] {processor.py:163} INFO - Started process (PID=1025) to work on /opt/airflow/dags/data_ingestion_gcs_dag.py
[2024-04-17 03:33:57,438] {processor.py:642} INFO - Processing file /opt/airflow/dags/data_ingestion_gcs_dag.py for tasks to queue
[2024-04-17 03:33:57,439] {logging_mixin.py:109} INFO - [2024-04-17 03:33:57,439] {dagbag.py:500} INFO - Filling up the DagBag from /opt/airflow/dags/data_ingestion_gcs_dag.py
[2024-04-17 03:33:58,515] {processor.py:654} INFO - DAG(s) dict_keys(['data_ingestion_gcs_dag']) retrieved from /opt/airflow/dags/data_ingestion_gcs_dag.py
[2024-04-17 03:33:58,521] {logging_mixin.py:109} INFO - [2024-04-17 03:33:58,519] {dag.py:2396} INFO - Sync 1 DAGs
[2024-04-17 03:33:58,541] {logging_mixin.py:109} INFO - [2024-04-17 03:33:58,541] {dag.py:2935} INFO - Setting next_dagrun for data_ingestion_gcs_dag to 2024-04-17T02:00:00+00:00
[2024-04-17 03:33:58,552] {processor.py:171} INFO - Processing /opt/airflow/dags/data_ingestion_gcs_dag.py took 1.121 seconds
[2024-04-17 03:34:28,618] {processor.py:163} INFO - Started process (PID=1063) to work on /opt/airflow/dags/data_ingestion_gcs_dag.py
[2024-04-17 03:34:28,621] {processor.py:642} INFO - Processing file /opt/airflow/dags/data_ingestion_gcs_dag.py for tasks to queue
[2024-04-17 03:34:28,622] {logging_mixin.py:109} INFO - [2024-04-17 03:34:28,622] {dagbag.py:500} INFO - Filling up the DagBag from /opt/airflow/dags/data_ingestion_gcs_dag.py
[2024-04-17 03:34:29,788] {processor.py:654} INFO - DAG(s) dict_keys(['data_ingestion_gcs_dag']) retrieved from /opt/airflow/dags/data_ingestion_gcs_dag.py
[2024-04-17 03:34:30,047] {logging_mixin.py:109} INFO - [2024-04-17 03:34:30,045] {dag.py:2396} INFO - Sync 1 DAGs
[2024-04-17 03:34:30,083] {logging_mixin.py:109} INFO - [2024-04-17 03:34:30,083] {dag.py:2935} INFO - Setting next_dagrun for data_ingestion_gcs_dag to 2024-04-17T02:00:00+00:00
[2024-04-17 03:34:30,106] {processor.py:171} INFO - Processing /opt/airflow/dags/data_ingestion_gcs_dag.py took 1.495 seconds
[2024-04-17 03:35:38,265] {processor.py:163} INFO - Started process (PID=179) to work on /opt/airflow/dags/data_ingestion_gcs_dag.py
[2024-04-17 03:35:38,270] {processor.py:642} INFO - Processing file /opt/airflow/dags/data_ingestion_gcs_dag.py for tasks to queue
[2024-04-17 03:35:38,271] {logging_mixin.py:109} INFO - [2024-04-17 03:35:38,270] {dagbag.py:500} INFO - Filling up the DagBag from /opt/airflow/dags/data_ingestion_gcs_dag.py
[2024-04-17 03:35:41,519] {processor.py:654} INFO - DAG(s) dict_keys(['data_ingestion_gcs_dag']) retrieved from /opt/airflow/dags/data_ingestion_gcs_dag.py
[2024-04-17 03:35:45,442] {logging_mixin.py:109} INFO - [2024-04-17 03:35:45,442] {manager.py:496} INFO - Created Permission View: can read on DAG:data_ingestion_gcs_dag
[2024-04-17 03:35:45,451] {logging_mixin.py:109} INFO - [2024-04-17 03:35:45,451] {manager.py:496} INFO - Created Permission View: can edit on DAG:data_ingestion_gcs_dag
[2024-04-17 03:35:45,452] {logging_mixin.py:109} INFO - [2024-04-17 03:35:45,451] {dag.py:2396} INFO - Sync 1 DAGs
[2024-04-17 03:35:45,465] {logging_mixin.py:109} INFO - [2024-04-17 03:35:45,464] {dag.py:2415} INFO - Creating ORM DAG for data_ingestion_gcs_dag
[2024-04-17 03:35:45,476] {logging_mixin.py:109} INFO - [2024-04-17 03:35:45,476] {dag.py:2935} INFO - Setting next_dagrun for data_ingestion_gcs_dag to 2024-04-17T02:00:00+00:00
[2024-04-17 03:35:45,491] {processor.py:171} INFO - Processing /opt/airflow/dags/data_ingestion_gcs_dag.py took 7.231 seconds
[2024-04-17 03:36:15,634] {processor.py:163} INFO - Started process (PID=213) to work on /opt/airflow/dags/data_ingestion_gcs_dag.py
[2024-04-17 03:36:15,638] {processor.py:642} INFO - Processing file /opt/airflow/dags/data_ingestion_gcs_dag.py for tasks to queue
[2024-04-17 03:36:15,638] {logging_mixin.py:109} INFO - [2024-04-17 03:36:15,638] {dagbag.py:500} INFO - Filling up the DagBag from /opt/airflow/dags/data_ingestion_gcs_dag.py
[2024-04-17 03:36:16,699] {processor.py:654} INFO - DAG(s) dict_keys(['data_ingestion_gcs_dag']) retrieved from /opt/airflow/dags/data_ingestion_gcs_dag.py
[2024-04-17 03:36:16,713] {logging_mixin.py:109} INFO - [2024-04-17 03:36:16,712] {dag.py:2396} INFO - Sync 1 DAGs
[2024-04-17 03:36:16,735] {logging_mixin.py:109} INFO - [2024-04-17 03:36:16,735] {dag.py:2935} INFO - Setting next_dagrun for data_ingestion_gcs_dag to 2024-04-17T02:00:00+00:00
[2024-04-17 03:36:16,746] {processor.py:171} INFO - Processing /opt/airflow/dags/data_ingestion_gcs_dag.py took 1.117 seconds
[2024-04-17 03:36:47,763] {processor.py:163} INFO - Started process (PID=262) to work on /opt/airflow/dags/data_ingestion_gcs_dag.py
[2024-04-17 03:36:47,765] {processor.py:642} INFO - Processing file /opt/airflow/dags/data_ingestion_gcs_dag.py for tasks to queue
[2024-04-17 03:36:47,766] {logging_mixin.py:109} INFO - [2024-04-17 03:36:47,766] {dagbag.py:500} INFO - Filling up the DagBag from /opt/airflow/dags/data_ingestion_gcs_dag.py
[2024-04-17 03:36:48,847] {processor.py:654} INFO - DAG(s) dict_keys(['data_ingestion_gcs_dag']) retrieved from /opt/airflow/dags/data_ingestion_gcs_dag.py
[2024-04-17 03:36:49,106] {logging_mixin.py:109} INFO - [2024-04-17 03:36:49,105] {dag.py:2396} INFO - Sync 1 DAGs
[2024-04-17 03:36:49,127] {logging_mixin.py:109} INFO - [2024-04-17 03:36:49,127] {dag.py:2935} INFO - Setting next_dagrun for data_ingestion_gcs_dag to 2024-04-17T02:00:00+00:00
[2024-04-17 03:36:49,142] {processor.py:171} INFO - Processing /opt/airflow/dags/data_ingestion_gcs_dag.py took 1.384 seconds
[2024-04-17 03:37:19,234] {processor.py:163} INFO - Started process (PID=304) to work on /opt/airflow/dags/data_ingestion_gcs_dag.py
[2024-04-17 03:37:19,236] {processor.py:642} INFO - Processing file /opt/airflow/dags/data_ingestion_gcs_dag.py for tasks to queue
[2024-04-17 03:37:19,236] {logging_mixin.py:109} INFO - [2024-04-17 03:37:19,236] {dagbag.py:500} INFO - Filling up the DagBag from /opt/airflow/dags/data_ingestion_gcs_dag.py
[2024-04-17 03:37:20,265] {processor.py:654} INFO - DAG(s) dict_keys(['data_ingestion_gcs_dag']) retrieved from /opt/airflow/dags/data_ingestion_gcs_dag.py
[2024-04-17 03:37:20,278] {logging_mixin.py:109} INFO - [2024-04-17 03:37:20,277] {dag.py:2396} INFO - Sync 1 DAGs
[2024-04-17 03:37:20,299] {logging_mixin.py:109} INFO - [2024-04-17 03:37:20,299] {dag.py:2935} INFO - Setting next_dagrun for data_ingestion_gcs_dag to 2024-04-17T02:00:00+00:00
[2024-04-17 03:37:20,310] {processor.py:171} INFO - Processing /opt/airflow/dags/data_ingestion_gcs_dag.py took 1.080 seconds
[2024-04-17 03:37:50,455] {processor.py:163} INFO - Started process (PID=350) to work on /opt/airflow/dags/data_ingestion_gcs_dag.py
[2024-04-17 03:37:50,457] {processor.py:642} INFO - Processing file /opt/airflow/dags/data_ingestion_gcs_dag.py for tasks to queue
[2024-04-17 03:37:50,458] {logging_mixin.py:109} INFO - [2024-04-17 03:37:50,458] {dagbag.py:500} INFO - Filling up the DagBag from /opt/airflow/dags/data_ingestion_gcs_dag.py
[2024-04-17 03:37:51,761] {processor.py:654} INFO - DAG(s) dict_keys(['data_ingestion_gcs_dag']) retrieved from /opt/airflow/dags/data_ingestion_gcs_dag.py
[2024-04-17 03:37:52,003] {logging_mixin.py:109} INFO - [2024-04-17 03:37:52,001] {dag.py:2396} INFO - Sync 1 DAGs
[2024-04-17 03:37:52,022] {logging_mixin.py:109} INFO - [2024-04-17 03:37:52,022] {dag.py:2935} INFO - Setting next_dagrun for data_ingestion_gcs_dag to 2024-04-17T02:00:00+00:00
[2024-04-17 03:37:52,035] {processor.py:171} INFO - Processing /opt/airflow/dags/data_ingestion_gcs_dag.py took 1.585 seconds
[2024-04-17 03:38:22,140] {processor.py:163} INFO - Started process (PID=391) to work on /opt/airflow/dags/data_ingestion_gcs_dag.py
[2024-04-17 03:38:22,142] {processor.py:642} INFO - Processing file /opt/airflow/dags/data_ingestion_gcs_dag.py for tasks to queue
[2024-04-17 03:38:22,144] {logging_mixin.py:109} INFO - [2024-04-17 03:38:22,143] {dagbag.py:500} INFO - Filling up the DagBag from /opt/airflow/dags/data_ingestion_gcs_dag.py
[2024-04-17 03:38:23,190] {processor.py:654} INFO - DAG(s) dict_keys(['data_ingestion_gcs_dag']) retrieved from /opt/airflow/dags/data_ingestion_gcs_dag.py
[2024-04-17 03:38:23,204] {logging_mixin.py:109} INFO - [2024-04-17 03:38:23,202] {dag.py:2396} INFO - Sync 1 DAGs
[2024-04-17 03:38:23,229] {logging_mixin.py:109} INFO - [2024-04-17 03:38:23,228] {dag.py:2935} INFO - Setting next_dagrun for data_ingestion_gcs_dag to 2024-04-17T02:00:00+00:00
[2024-04-17 03:38:23,240] {processor.py:171} INFO - Processing /opt/airflow/dags/data_ingestion_gcs_dag.py took 1.107 seconds
[2024-04-17 03:38:53,386] {processor.py:163} INFO - Started process (PID=432) to work on /opt/airflow/dags/data_ingestion_gcs_dag.py
[2024-04-17 03:38:53,387] {processor.py:642} INFO - Processing file /opt/airflow/dags/data_ingestion_gcs_dag.py for tasks to queue
[2024-04-17 03:38:53,388] {logging_mixin.py:109} INFO - [2024-04-17 03:38:53,388] {dagbag.py:500} INFO - Filling up the DagBag from /opt/airflow/dags/data_ingestion_gcs_dag.py
[2024-04-17 03:38:54,706] {processor.py:654} INFO - DAG(s) dict_keys(['data_ingestion_gcs_dag']) retrieved from /opt/airflow/dags/data_ingestion_gcs_dag.py
[2024-04-17 03:38:54,972] {logging_mixin.py:109} INFO - [2024-04-17 03:38:54,971] {dag.py:2396} INFO - Sync 1 DAGs
[2024-04-17 03:38:54,992] {logging_mixin.py:109} INFO - [2024-04-17 03:38:54,992] {dag.py:2935} INFO - Setting next_dagrun for data_ingestion_gcs_dag to 2024-04-17T02:00:00+00:00
[2024-04-17 03:38:55,006] {processor.py:171} INFO - Processing /opt/airflow/dags/data_ingestion_gcs_dag.py took 1.626 seconds
[2024-04-17 03:39:25,111] {processor.py:163} INFO - Started process (PID=475) to work on /opt/airflow/dags/data_ingestion_gcs_dag.py
[2024-04-17 03:39:25,113] {processor.py:642} INFO - Processing file /opt/airflow/dags/data_ingestion_gcs_dag.py for tasks to queue
[2024-04-17 03:39:25,115] {logging_mixin.py:109} INFO - [2024-04-17 03:39:25,114] {dagbag.py:500} INFO - Filling up the DagBag from /opt/airflow/dags/data_ingestion_gcs_dag.py
[2024-04-17 03:39:26,224] {processor.py:654} INFO - DAG(s) dict_keys(['data_ingestion_gcs_dag']) retrieved from /opt/airflow/dags/data_ingestion_gcs_dag.py
[2024-04-17 03:39:26,229] {logging_mixin.py:109} INFO - [2024-04-17 03:39:26,227] {dag.py:2396} INFO - Sync 1 DAGs
[2024-04-17 03:39:26,257] {logging_mixin.py:109} INFO - [2024-04-17 03:39:26,257] {dag.py:2935} INFO - Setting next_dagrun for data_ingestion_gcs_dag to 2024-04-17T02:00:00+00:00
[2024-04-17 03:39:26,268] {processor.py:171} INFO - Processing /opt/airflow/dags/data_ingestion_gcs_dag.py took 1.163 seconds
[2024-04-17 03:39:56,364] {processor.py:163} INFO - Started process (PID=513) to work on /opt/airflow/dags/data_ingestion_gcs_dag.py
[2024-04-17 03:39:56,375] {processor.py:642} INFO - Processing file /opt/airflow/dags/data_ingestion_gcs_dag.py for tasks to queue
[2024-04-17 03:39:56,376] {logging_mixin.py:109} INFO - [2024-04-17 03:39:56,376] {dagbag.py:500} INFO - Filling up the DagBag from /opt/airflow/dags/data_ingestion_gcs_dag.py
[2024-04-17 03:39:57,436] {processor.py:654} INFO - DAG(s) dict_keys(['data_ingestion_gcs_dag']) retrieved from /opt/airflow/dags/data_ingestion_gcs_dag.py
[2024-04-17 03:39:57,692] {logging_mixin.py:109} INFO - [2024-04-17 03:39:57,690] {dag.py:2396} INFO - Sync 1 DAGs
[2024-04-17 03:39:57,711] {logging_mixin.py:109} INFO - [2024-04-17 03:39:57,710] {dag.py:2935} INFO - Setting next_dagrun for data_ingestion_gcs_dag to 2024-04-17T02:00:00+00:00
[2024-04-17 03:39:57,724] {processor.py:171} INFO - Processing /opt/airflow/dags/data_ingestion_gcs_dag.py took 1.366 seconds
[2024-04-17 03:40:27,813] {processor.py:163} INFO - Started process (PID=561) to work on /opt/airflow/dags/data_ingestion_gcs_dag.py
[2024-04-17 03:40:27,815] {processor.py:642} INFO - Processing file /opt/airflow/dags/data_ingestion_gcs_dag.py for tasks to queue
[2024-04-17 03:40:27,816] {logging_mixin.py:109} INFO - [2024-04-17 03:40:27,816] {dagbag.py:500} INFO - Filling up the DagBag from /opt/airflow/dags/data_ingestion_gcs_dag.py
[2024-04-17 03:40:28,851] {processor.py:654} INFO - DAG(s) dict_keys(['data_ingestion_gcs_dag']) retrieved from /opt/airflow/dags/data_ingestion_gcs_dag.py
[2024-04-17 03:40:28,864] {logging_mixin.py:109} INFO - [2024-04-17 03:40:28,863] {dag.py:2396} INFO - Sync 1 DAGs
[2024-04-17 03:40:28,885] {logging_mixin.py:109} INFO - [2024-04-17 03:40:28,885] {dag.py:2935} INFO - Setting next_dagrun for data_ingestion_gcs_dag to 2024-04-17T02:00:00+00:00
[2024-04-17 03:40:28,897] {processor.py:171} INFO - Processing /opt/airflow/dags/data_ingestion_gcs_dag.py took 1.089 seconds
[2024-04-17 03:40:59,078] {processor.py:163} INFO - Started process (PID=596) to work on /opt/airflow/dags/data_ingestion_gcs_dag.py
[2024-04-17 03:40:59,080] {processor.py:642} INFO - Processing file /opt/airflow/dags/data_ingestion_gcs_dag.py for tasks to queue
[2024-04-17 03:40:59,081] {logging_mixin.py:109} INFO - [2024-04-17 03:40:59,081] {dagbag.py:500} INFO - Filling up the DagBag from /opt/airflow/dags/data_ingestion_gcs_dag.py
[2024-04-17 03:41:00,237] {processor.py:654} INFO - DAG(s) dict_keys(['data_ingestion_gcs_dag']) retrieved from /opt/airflow/dags/data_ingestion_gcs_dag.py
[2024-04-17 03:41:00,481] {logging_mixin.py:109} INFO - [2024-04-17 03:41:00,479] {dag.py:2396} INFO - Sync 1 DAGs
[2024-04-17 03:41:00,501] {logging_mixin.py:109} INFO - [2024-04-17 03:41:00,501] {dag.py:2935} INFO - Setting next_dagrun for data_ingestion_gcs_dag to 2024-04-17T02:00:00+00:00
[2024-04-17 03:41:00,517] {processor.py:171} INFO - Processing /opt/airflow/dags/data_ingestion_gcs_dag.py took 1.446 seconds
[2024-04-17 03:41:30,615] {processor.py:163} INFO - Started process (PID=647) to work on /opt/airflow/dags/data_ingestion_gcs_dag.py
[2024-04-17 03:41:30,617] {processor.py:642} INFO - Processing file /opt/airflow/dags/data_ingestion_gcs_dag.py for tasks to queue
[2024-04-17 03:41:30,618] {logging_mixin.py:109} INFO - [2024-04-17 03:41:30,618] {dagbag.py:500} INFO - Filling up the DagBag from /opt/airflow/dags/data_ingestion_gcs_dag.py
[2024-04-17 03:41:32,002] {processor.py:654} INFO - DAG(s) dict_keys(['data_ingestion_gcs_dag']) retrieved from /opt/airflow/dags/data_ingestion_gcs_dag.py
[2024-04-17 03:41:32,007] {logging_mixin.py:109} INFO - [2024-04-17 03:41:32,005] {dag.py:2396} INFO - Sync 1 DAGs
[2024-04-17 03:41:32,027] {logging_mixin.py:109} INFO - [2024-04-17 03:41:32,027] {dag.py:2935} INFO - Setting next_dagrun for data_ingestion_gcs_dag to 2024-04-17T02:00:00+00:00
[2024-04-17 03:41:32,038] {processor.py:171} INFO - Processing /opt/airflow/dags/data_ingestion_gcs_dag.py took 1.429 seconds
[2024-04-17 03:42:02,161] {processor.py:163} INFO - Started process (PID=685) to work on /opt/airflow/dags/data_ingestion_gcs_dag.py
[2024-04-17 03:42:02,163] {processor.py:642} INFO - Processing file /opt/airflow/dags/data_ingestion_gcs_dag.py for tasks to queue
[2024-04-17 03:42:02,164] {logging_mixin.py:109} INFO - [2024-04-17 03:42:02,163] {dagbag.py:500} INFO - Filling up the DagBag from /opt/airflow/dags/data_ingestion_gcs_dag.py
[2024-04-17 03:42:03,266] {processor.py:654} INFO - DAG(s) dict_keys(['data_ingestion_gcs_dag']) retrieved from /opt/airflow/dags/data_ingestion_gcs_dag.py
[2024-04-17 03:42:03,504] {logging_mixin.py:109} INFO - [2024-04-17 03:42:03,503] {dag.py:2396} INFO - Sync 1 DAGs
[2024-04-17 03:42:03,523] {logging_mixin.py:109} INFO - [2024-04-17 03:42:03,523] {dag.py:2935} INFO - Setting next_dagrun for data_ingestion_gcs_dag to 2024-04-17T02:00:00+00:00
[2024-04-17 03:42:03,536] {processor.py:171} INFO - Processing /opt/airflow/dags/data_ingestion_gcs_dag.py took 1.386 seconds
[2024-04-17 03:42:33,637] {processor.py:163} INFO - Started process (PID=723) to work on /opt/airflow/dags/data_ingestion_gcs_dag.py
[2024-04-17 03:42:33,640] {processor.py:642} INFO - Processing file /opt/airflow/dags/data_ingestion_gcs_dag.py for tasks to queue
[2024-04-17 03:42:33,641] {logging_mixin.py:109} INFO - [2024-04-17 03:42:33,641] {dagbag.py:500} INFO - Filling up the DagBag from /opt/airflow/dags/data_ingestion_gcs_dag.py
[2024-04-17 03:42:34,833] {processor.py:654} INFO - DAG(s) dict_keys(['data_ingestion_gcs_dag']) retrieved from /opt/airflow/dags/data_ingestion_gcs_dag.py
[2024-04-17 03:42:34,839] {logging_mixin.py:109} INFO - [2024-04-17 03:42:34,837] {dag.py:2396} INFO - Sync 1 DAGs
[2024-04-17 03:42:34,861] {logging_mixin.py:109} INFO - [2024-04-17 03:42:34,861] {dag.py:2935} INFO - Setting next_dagrun for data_ingestion_gcs_dag to 2024-04-17T02:00:00+00:00
[2024-04-17 03:42:34,872] {processor.py:171} INFO - Processing /opt/airflow/dags/data_ingestion_gcs_dag.py took 1.241 seconds
[2024-04-17 03:43:04,978] {processor.py:163} INFO - Started process (PID=771) to work on /opt/airflow/dags/data_ingestion_gcs_dag.py
[2024-04-17 03:43:04,980] {processor.py:642} INFO - Processing file /opt/airflow/dags/data_ingestion_gcs_dag.py for tasks to queue
[2024-04-17 03:43:04,981] {logging_mixin.py:109} INFO - [2024-04-17 03:43:04,981] {dagbag.py:500} INFO - Filling up the DagBag from /opt/airflow/dags/data_ingestion_gcs_dag.py
[2024-04-17 03:43:06,039] {processor.py:654} INFO - DAG(s) dict_keys(['data_ingestion_gcs_dag']) retrieved from /opt/airflow/dags/data_ingestion_gcs_dag.py
[2024-04-17 03:43:06,281] {logging_mixin.py:109} INFO - [2024-04-17 03:43:06,279] {dag.py:2396} INFO - Sync 1 DAGs
[2024-04-17 03:43:06,300] {logging_mixin.py:109} INFO - [2024-04-17 03:43:06,300] {dag.py:2935} INFO - Setting next_dagrun for data_ingestion_gcs_dag to 2024-04-17T02:00:00+00:00
[2024-04-17 03:43:06,313] {processor.py:171} INFO - Processing /opt/airflow/dags/data_ingestion_gcs_dag.py took 1.349 seconds
[2024-04-17 03:43:36,407] {processor.py:163} INFO - Started process (PID=809) to work on /opt/airflow/dags/data_ingestion_gcs_dag.py
[2024-04-17 03:43:36,412] {processor.py:642} INFO - Processing file /opt/airflow/dags/data_ingestion_gcs_dag.py for tasks to queue
[2024-04-17 03:43:36,413] {logging_mixin.py:109} INFO - [2024-04-17 03:43:36,413] {dagbag.py:500} INFO - Filling up the DagBag from /opt/airflow/dags/data_ingestion_gcs_dag.py
[2024-04-17 03:43:37,485] {processor.py:654} INFO - DAG(s) dict_keys(['data_ingestion_gcs_dag']) retrieved from /opt/airflow/dags/data_ingestion_gcs_dag.py
[2024-04-17 03:43:37,498] {logging_mixin.py:109} INFO - [2024-04-17 03:43:37,497] {dag.py:2396} INFO - Sync 1 DAGs
[2024-04-17 03:43:37,518] {logging_mixin.py:109} INFO - [2024-04-17 03:43:37,518] {dag.py:2935} INFO - Setting next_dagrun for data_ingestion_gcs_dag to 2024-04-17T02:00:00+00:00
[2024-04-17 03:43:37,530] {processor.py:171} INFO - Processing /opt/airflow/dags/data_ingestion_gcs_dag.py took 1.128 seconds
[2024-04-17 03:44:07,684] {processor.py:163} INFO - Started process (PID=855) to work on /opt/airflow/dags/data_ingestion_gcs_dag.py
[2024-04-17 03:44:07,687] {processor.py:642} INFO - Processing file /opt/airflow/dags/data_ingestion_gcs_dag.py for tasks to queue
[2024-04-17 03:44:07,688] {logging_mixin.py:109} INFO - [2024-04-17 03:44:07,688] {dagbag.py:500} INFO - Filling up the DagBag from /opt/airflow/dags/data_ingestion_gcs_dag.py
[2024-04-17 03:44:08,784] {processor.py:654} INFO - DAG(s) dict_keys(['data_ingestion_gcs_dag']) retrieved from /opt/airflow/dags/data_ingestion_gcs_dag.py
[2024-04-17 03:44:09,033] {logging_mixin.py:109} INFO - [2024-04-17 03:44:09,031] {dag.py:2396} INFO - Sync 1 DAGs
[2024-04-17 03:44:09,053] {logging_mixin.py:109} INFO - [2024-04-17 03:44:09,053] {dag.py:2935} INFO - Setting next_dagrun for data_ingestion_gcs_dag to 2024-04-17T02:00:00+00:00
[2024-04-17 03:44:09,069] {processor.py:171} INFO - Processing /opt/airflow/dags/data_ingestion_gcs_dag.py took 1.390 seconds
[2024-04-17 03:44:39,112] {processor.py:163} INFO - Started process (PID=893) to work on /opt/airflow/dags/data_ingestion_gcs_dag.py
[2024-04-17 03:44:39,114] {processor.py:642} INFO - Processing file /opt/airflow/dags/data_ingestion_gcs_dag.py for tasks to queue
[2024-04-17 03:44:39,115] {logging_mixin.py:109} INFO - [2024-04-17 03:44:39,115] {dagbag.py:500} INFO - Filling up the DagBag from /opt/airflow/dags/data_ingestion_gcs_dag.py
[2024-04-17 03:44:40,179] {processor.py:654} INFO - DAG(s) dict_keys(['data_ingestion_gcs_dag']) retrieved from /opt/airflow/dags/data_ingestion_gcs_dag.py
[2024-04-17 03:44:40,192] {logging_mixin.py:109} INFO - [2024-04-17 03:44:40,191] {dag.py:2396} INFO - Sync 1 DAGs
[2024-04-17 03:44:40,213] {logging_mixin.py:109} INFO - [2024-04-17 03:44:40,213] {dag.py:2935} INFO - Setting next_dagrun for data_ingestion_gcs_dag to 2024-04-17T02:00:00+00:00
[2024-04-17 03:44:40,224] {processor.py:171} INFO - Processing /opt/airflow/dags/data_ingestion_gcs_dag.py took 1.116 seconds
[2024-04-17 03:45:10,366] {processor.py:163} INFO - Started process (PID=928) to work on /opt/airflow/dags/data_ingestion_gcs_dag.py
[2024-04-17 03:45:10,369] {processor.py:642} INFO - Processing file /opt/airflow/dags/data_ingestion_gcs_dag.py for tasks to queue
[2024-04-17 03:45:10,371] {logging_mixin.py:109} INFO - [2024-04-17 03:45:10,370] {dagbag.py:500} INFO - Filling up the DagBag from /opt/airflow/dags/data_ingestion_gcs_dag.py
[2024-04-17 03:45:11,814] {processor.py:654} INFO - DAG(s) dict_keys(['data_ingestion_gcs_dag']) retrieved from /opt/airflow/dags/data_ingestion_gcs_dag.py
[2024-04-17 03:45:12,162] {logging_mixin.py:109} INFO - [2024-04-17 03:45:12,161] {dag.py:2396} INFO - Sync 1 DAGs
[2024-04-17 03:45:12,181] {logging_mixin.py:109} INFO - [2024-04-17 03:45:12,181] {dag.py:2935} INFO - Setting next_dagrun for data_ingestion_gcs_dag to 2024-04-17T02:00:00+00:00
[2024-04-17 03:45:12,520] {logging_mixin.py:109} WARNING - /home/airflow/.local/lib/python3.6/site-packages/airflow/models/dagbag.py:602 DeprecationWarning: DAG.full_filepath is deprecated in favour of fileloc
[2024-04-17 03:45:12,525] {logging_mixin.py:109} INFO - [2024-04-17 03:45:12,521] {dagbag.py:602} ERROR - Failed to write serialized DAG: /opt/airflow/dags/data_ingestion_gcs_dag.py
Traceback (most recent call last):
  File "/home/airflow/.local/lib/python3.6/site-packages/airflow/models/dagbag.py", line 594, in _serialize_dag_capturing_errors
    session=session,
  File "/home/airflow/.local/lib/python3.6/site-packages/airflow/utils/session.py", line 67, in wrapper
    return func(*args, **kwargs)
  File "/home/airflow/.local/lib/python3.6/site-packages/airflow/models/serialized_dag.py", line 124, in write_dag
    (timezone.utcnow() - timedelta(seconds=min_update_interval)) < cls.last_updated,
  File "/home/airflow/.local/lib/python3.6/site-packages/sqlalchemy/orm/query.py", line 3429, in first
    ret = list(self[0:1])
  File "/home/airflow/.local/lib/python3.6/site-packages/sqlalchemy/orm/query.py", line 3203, in __getitem__
    return list(res)
  File "/home/airflow/.local/lib/python3.6/site-packages/sqlalchemy/orm/query.py", line 3535, in __iter__
    return self._execute_and_instances(context)
  File "/home/airflow/.local/lib/python3.6/site-packages/sqlalchemy/orm/query.py", line 3557, in _execute_and_instances
    querycontext, self._connection_from_session, close_with_result=True
  File "/home/airflow/.local/lib/python3.6/site-packages/sqlalchemy/orm/query.py", line 3572, in _get_bind_args
    mapper=self._bind_mapper(), clause=querycontext.statement, **kw
  File "/home/airflow/.local/lib/python3.6/site-packages/sqlalchemy/orm/query.py", line 3550, in _connection_from_session
    conn = self.session.connection(**kw)
  File "/home/airflow/.local/lib/python3.6/site-packages/sqlalchemy/orm/session.py", line 1145, in connection
    execution_options=execution_options,
  File "/home/airflow/.local/lib/python3.6/site-packages/sqlalchemy/orm/session.py", line 1151, in _connection_for_bind
    engine, execution_options
  File "/home/airflow/.local/lib/python3.6/site-packages/sqlalchemy/orm/session.py", line 409, in _connection_for_bind
    self._assert_active()
  File "/home/airflow/.local/lib/python3.6/site-packages/sqlalchemy/orm/session.py", line 296, in _assert_active
    code="7s2a",
sqlalchemy.exc.InvalidRequestError: This Session's transaction has been rolled back due to a previous exception during flush. To begin a new transaction with this Session, first issue Session.rollback(). Original exception was: (psycopg2.errors.UniqueViolation) duplicate key value violates unique constraint "serialized_dag_pkey"
DETAIL:  Key (dag_id)=(data_ingestion_gcs_dag) already exists.

[SQL: INSERT INTO serialized_dag (dag_id, fileloc, fileloc_hash, data, last_updated, dag_hash) VALUES (%(dag_id)s, %(fileloc)s, %(fileloc_hash)s, %(data)s, %(last_updated)s, %(dag_hash)s)]
[parameters: {'dag_id': 'data_ingestion_gcs_dag', 'fileloc': '/opt/airflow/dags/data_ingestion_gcs_dag.py', 'fileloc_hash': 58316806720776860, 'data': '{"__version": 1, "dag": {"edge_info": {}, "tags": ["dtc-de"], "schedule_interval": "@hourly", "timezone": "UTC", "default_args": {"__var": {"owner":  ... (3343 characters truncated) ... /gdelt_data.parquet"], "destination_project_dataset_table": "divij-zoomcamp-2024:gdelt2_dataset.events_stg"}], "dag_dependencies": [], "params": {}}}', 'last_updated': datetime.datetime(2024, 4, 17, 3, 45, 11, 828902, tzinfo=Timezone('UTC')), 'dag_hash': 'a5a29285f064ebada2434867e2dcb0a1'}]
(Background on this error at: http://sqlalche.me/e/13/gkpj) (Background on this error at: http://sqlalche.me/e/13/7s2a)
[2024-04-17 03:45:12,525] {logging_mixin.py:109} INFO - [2024-04-17 03:45:12,525] {dag.py:2396} INFO - Sync 1 DAGs
[2024-04-17 03:45:12,527] {processor.py:174} ERROR - Got an exception! Propagating...
Traceback (most recent call last):
  File "/home/airflow/.local/lib/python3.6/site-packages/airflow/dag_processing/processor.py", line 168, in _run_file_processor
    callback_requests=callback_requests,
  File "/home/airflow/.local/lib/python3.6/site-packages/airflow/utils/session.py", line 70, in wrapper
    return func(*args, session=session, **kwargs)
  File "/home/airflow/.local/lib/python3.6/site-packages/airflow/dag_processing/processor.py", line 663, in process_file
    dagbag.sync_to_db()
  File "/home/airflow/.local/lib/python3.6/site-packages/airflow/utils/session.py", line 70, in wrapper
    return func(*args, session=session, **kwargs)
  File "/home/airflow/.local/lib/python3.6/site-packages/airflow/models/dagbag.py", line 608, in sync_to_db
    for attempt in run_with_db_retries(logger=self.log):
  File "/home/airflow/.local/lib/python3.6/site-packages/tenacity/__init__.py", line 382, in __iter__
    do = self.iter(retry_state=retry_state)
  File "/home/airflow/.local/lib/python3.6/site-packages/tenacity/__init__.py", line 349, in iter
    return fut.result()
  File "/usr/local/lib/python3.6/concurrent/futures/_base.py", line 425, in result
    return self.__get_result()
  File "/usr/local/lib/python3.6/concurrent/futures/_base.py", line 384, in __get_result
    raise self._exception
  File "/home/airflow/.local/lib/python3.6/site-packages/airflow/models/dagbag.py", line 622, in sync_to_db
    DAG.bulk_write_to_db(self.dags.values(), session=session)
  File "/home/airflow/.local/lib/python3.6/site-packages/airflow/utils/session.py", line 67, in wrapper
    return func(*args, **kwargs)
  File "/home/airflow/.local/lib/python3.6/site-packages/airflow/models/dag.py", line 2404, in bulk_write_to_db
    orm_dags: List[DagModel] = with_row_locks(query, of=DagModel, session=session).all()
  File "/home/airflow/.local/lib/python3.6/site-packages/sqlalchemy/orm/query.py", line 3373, in all
    return list(self)
  File "/home/airflow/.local/lib/python3.6/site-packages/sqlalchemy/orm/query.py", line 3535, in __iter__
    return self._execute_and_instances(context)
  File "/home/airflow/.local/lib/python3.6/site-packages/sqlalchemy/orm/query.py", line 3557, in _execute_and_instances
    querycontext, self._connection_from_session, close_with_result=True
  File "/home/airflow/.local/lib/python3.6/site-packages/sqlalchemy/orm/query.py", line 3572, in _get_bind_args
    mapper=self._bind_mapper(), clause=querycontext.statement, **kw
  File "/home/airflow/.local/lib/python3.6/site-packages/sqlalchemy/orm/query.py", line 3550, in _connection_from_session
    conn = self.session.connection(**kw)
  File "/home/airflow/.local/lib/python3.6/site-packages/sqlalchemy/orm/session.py", line 1145, in connection
    execution_options=execution_options,
  File "/home/airflow/.local/lib/python3.6/site-packages/sqlalchemy/orm/session.py", line 1151, in _connection_for_bind
    engine, execution_options
  File "/home/airflow/.local/lib/python3.6/site-packages/sqlalchemy/orm/session.py", line 409, in _connection_for_bind
    self._assert_active()
  File "/home/airflow/.local/lib/python3.6/site-packages/sqlalchemy/orm/session.py", line 296, in _assert_active
    code="7s2a",
sqlalchemy.exc.InvalidRequestError: This Session's transaction has been rolled back due to a previous exception during flush. To begin a new transaction with this Session, first issue Session.rollback(). Original exception was: (psycopg2.errors.UniqueViolation) duplicate key value violates unique constraint "serialized_dag_pkey"
DETAIL:  Key (dag_id)=(data_ingestion_gcs_dag) already exists.

[SQL: INSERT INTO serialized_dag (dag_id, fileloc, fileloc_hash, data, last_updated, dag_hash) VALUES (%(dag_id)s, %(fileloc)s, %(fileloc_hash)s, %(data)s, %(last_updated)s, %(dag_hash)s)]
[parameters: {'dag_id': 'data_ingestion_gcs_dag', 'fileloc': '/opt/airflow/dags/data_ingestion_gcs_dag.py', 'fileloc_hash': 58316806720776860, 'data': '{"__version": 1, "dag": {"edge_info": {}, "tags": ["dtc-de"], "schedule_interval": "@hourly", "timezone": "UTC", "default_args": {"__var": {"owner":  ... (3343 characters truncated) ... /gdelt_data.parquet"], "destination_project_dataset_table": "divij-zoomcamp-2024:gdelt2_dataset.events_stg"}], "dag_dependencies": [], "params": {}}}', 'last_updated': datetime.datetime(2024, 4, 17, 3, 45, 11, 828902, tzinfo=Timezone('UTC')), 'dag_hash': 'a5a29285f064ebada2434867e2dcb0a1'}]
(Background on this error at: http://sqlalche.me/e/13/gkpj) (Background on this error at: http://sqlalche.me/e/13/7s2a)
